165
2 369 250 
2 286 94 
2 420 248 
2 97 246 
2 190 243 
2 196 241 
2 28 239 
2 197 238 
2 93 96 
2 252 98 
2 333 232 
2 441 229 
2 423 228 
2 35 191 
2 12 469 
2 482 471 
2 165 223 
2 300 224 
2 33 222 
2 326 211 
2 47 476 
2 299 259 
2 256 185 
2 421 104 
2 279 186 
2 1 112 
2 306 289 
2 322 208 
2 14 390 
2 330 295 
2 21 160 
2 315 226 
2 454 468 
2 7 199 
2 154 147 
2 414 310 
2 352 48 
2 492 375 
2 17 166 
2 86 445 
2 334 486 
2 358 475 
2 189 371 
2 212 463 
2 495 410 
2 462 52 
2 443 240 
2 484 0 
2 11 141 
2 156 111 
2 158 213 
2 120 182 
2 266 108 
2 319 329 
2 337 350 
2 376 452 
2 74 313 
3 170 177 37 
3 301 472 209 
3 73 388 428 
3 72 155 465 
3 64 298 416 
3 38 324 389 
3 221 336 198 
3 210 261 470 
3 234 264 202 
3 448 451 217 
3 434 356 347 
3 113 5 206 
3 499 498 395 
3 455 430 36 
3 193 320 453 
3 175 367 174 
3 473 288 80 
3 187 433 95 
3 360 396 277 
3 311 20 32 
3 405 271 46 
3 292 249 71 
3 219 419 159 
3 273 258 79 
3 60 19 362 
3 255 122 167 
3 168 169 171 
3 173 118 176 
3 178 179 183 
3 184 342 68 
3 317 67 321 
3 318 323 63 
3 327 62 331 
3 335 58 338 
3 340 343 344 
3 316 346 349 
3 57 355 357 
3 354 53 51 
3 366 368 370 
3 49 287 257 
3 260 262 88 
3 265 87 270 
3 85 272 84 
3 275 83 82 
3 281 374 290 
3 291 293 297 
3 296 77 75 
3 303 305 308 
4 181 6 136 404 
4 385 387 115 477 
4 409 397 460 220 
4 439 497 25 393 
4 236 55 54 418 
4 231 394 101 216 
4 61 180 411 466 
4 15 149 245 215 
4 34 18 282 314 
4 10 117 203 227 
4 474 89 31 398 
4 13 294 424 478 
4 3 431 345 426 
4 218 105 351 487 
4 459 65 192 4 
4 302 214 121 27 
4 412 467 403 491 
4 225 400 450 116 
4 201 90 139 383 
4 328 242 449 138 
4 263 429 267 251 
4 188 91 100 123 
4 399 283 56 39 
4 268 442 247 128 
4 438 235 348 30 
4 276 230 353 103 
4 427 237 204 407 
4 278 422 153 164 
4 444 24 69 114 
4 447 124 144 274 
4 23 392 494 496 
4 99 233 76 440 
4 437 29 461 200 
4 162 132 109 41 
4 384 16 44 401 
4 364 26 107 413 
4 163 446 106 59 
4 391 148 207 40 
4 8 78 304 284 
4 22 307 363 205 
4 244 172 339 377 
4 92 119 365 194 
4 195 490 254 81 
4 151 129 280 488 
4 152 341 425 386 
4 66 325 285 359 
4 332 70 2 361 
4 432 373 406 45 
4 379 269 378 50 
4 372 110 42 458 
4 102 464 43 381 
4 408 402 435 493 
4 436 457 456 481 
4 417 380 489 382 
4 415 483 480 253 
4 485 9 479 125 
4 130 133 134 137 
4 131 140 142 143 
4 135 145 146 127 
4 150 126 157 161 
