1628
2 349 4939 
2 2470 415 
2 8347 7459 
2 441 9205 
2 1235 8086 
2 1949 8493 
2 7580 4211 
2 7541 1909 
2 7835 7060 
2 2451 2586 
2 6917 958 
2 1788 5409 
2 9954 863 
2 9737 831 
2 291 3860 
2 3859 6457 
2 1868 203 
2 361 5343 
2 1993 9323 
2 2550 8282 
2 703 3949 
2 8686 5379 
2 8080 5148 
2 6279 8379 
2 3784 2382 
2 1230 1119 
2 2356 8960 
2 3327 1799 
2 1188 2384 
2 2878 6456 
2 4996 1180 
2 1679 1284 
2 8726 3247 
2 935 7507 
2 1818 9372 
2 1105 9999 
2 6843 7965 
2 4621 1732 
2 693 8406 
2 782 280 
2 4 7669 
2 3821 388 
2 2483 1335 
2 5779 405 
2 5410 8412 
2 1323 1611 
2 2498 5694 
2 7807 2035 
2 7479 509 
2 8875 1046 
2 258 4950 
2 3787 4330 
2 1074 6233 
2 4734 6407 
2 5051 200 
2 227 3394 
2 1111 4664 
2 4254 5699 
2 7307 9807 
2 1133 2579 
2 1135 2789 
2 9663 8955 
2 5833 8985 
2 8410 2324 
2 4675 922 
2 9102 8784 
2 7251 4633 
2 4632 4344 
2 8970 2378 
2 268 6983 
2 6085 9724 
2 7753 9701 
2 3292 2386 
2 811 662 
2 3386 3639 
2 3389 5977 
2 9604 2373 
2 7791 2541 
2 2311 318 
2 5356 6500 
2 9636 376 
2 1029 6635 
2 3922 1987 
2 983 9742 
2 5844 1553 
2 2942 7667 
2 8791 5327 
2 2086 4461 
2 8523 4107 
2 8461 2405 
2 4979 3827 
2 8491 491 
2 9717 173 
2 7399 2030 
2 7322 6371 
2 2715 8374 
2 2676 2410 
2 6434 3199 
2 8602 741 
2 3385 9186 
2 4425 6158 
2 5177 5005 
2 8731 7092 
2 9162 9632 
2 9557 9644 
2 9148 8164 
2 342 2508 
2 794 4371 
2 9533 7340 
2 4273 7627 
2 5187 5266 
2 1918 3756 
2 6242 3008 
2 6254 6420 
2 4810 7706 
2 1992 3819 
2 621 9342 
2 8136 3866 
2 6647 7992 
2 1534 4220 
2 872 2825 
2 4369 2883 
2 409 7820 
2 8872 5885 
2 9773 5413 
2 8725 917 
2 4978 9609 
2 1969 3935 
2 984 9282 
2 7228 1045 
2 7832 1554 
2 195 3799 
2 1063 3794 
2 1415 6678 
2 1329 5399 
2 4435 7636 
2 1206 1439 
2 8857 821 
2 3267 5073 
2 3225 1705 
2 5643 7069 
2 4323 148 
2 9977 1897 
2 69 2747 
2 7712 5957 
2 4651 5210 
2 2934 5167 
2 7938 8879 
2 4032 3144 
2 7276 9963 
2 5361 437 
2 7393 3474 
2 4214 8758 
2 3466 8613 
2 435 4807 
2 7243 483 
2 5265 5470 
2 7408 8728 
2 4237 3227 
2 7165 4260 
2 3620 508 
2 4103 2884 
2 7264 312 
2 605 2873 
2 7093 5979 
2 2803 5045 
2 901 2503 
2 4356 7547 
2 9159 6174 
2 5883 6234 
2 2172 2166 
2 7736 9327 
2 1610 9362 
2 4535 6499 
2 6480 2427 
2 652 5853 
2 1731 5840 
2 3058 1305 
2 7033 7172 
2 9011 2425 
2 8535 4758 
2 7915 9775 
2 4822 2996 
2 9822 5340 
2 7097 3636 
2 6675 7793 
2 2330 194 
2 5745 8507 
2 5350 6077 
2 4372 1654 
2 6901 8770 
2 7588 987 
2 8778 7416 
2 8780 179 
2 6654 6841 
2 5508 9070 
2 4224 8395 
2 9787 4860 
2 2500 8786 
2 8142 3082 
2 8570 3984 
2 8117 4890 
2 2769 8311 
2 4891 3476 
2 118 8144 
2 111 596 
2 9749 8877 
2 4972 2206 
2 7059 4732 
2 7789 184 
2 1142 3530 
2 192 6853 
2 9380 7427 
2 2170 6187 
2 2556 3879 
2 303 9415 
2 4577 7856 
2 7639 5557 
2 209 6128 
2 1728 7883 
2 8361 8405 
2 4285 5107 
2 9218 482 
2 6141 5279 
2 8417 3777 
2 478 2520 
2 9421 7086 
2 9264 7942 
2 3044 1831 
2 4175 9571 
2 5067 4376 
2 8961 8224 
2 729 9931 
2 3189 8114 
2 8975 7098 
2 1614 7578 
2 7561 8038 
2 274 7075 
2 6156 1695 
2 8244 8061 
2 3716 8272 
2 3717 3727 
2 5747 908 
2 9556 5983 
2 2771 5993 
2 2808 2812 
2 4952 5906 
2 2512 4523 
2 4724 3493 
2 5696 2974 
2 7590 1485 
2 2485 8135 
2 6902 7741 
2 6614 1972 
2 1517 6411 
2 121 9436 
2 6308 230 
2 7187 8002 
2 6937 8530 
2 7847 2039 
2 4470 1496 
2 8009 4899 
2 5504 2098 
2 5483 6177 
2 6833 7606 
2 3685 6720 
2 8075 6682 
2 156 8462 
2 7045 1350 
2 1625 4699 
2 7077 9793 
2 781 7483 
2 4232 9031 
2 6559 6429 
2 8542 8561 
2 5213 4063 
2 1749 8220 
2 5870 2827 
2 4333 7864 
2 5727 2602 
2 8880 5617 
2 9126 2532 
2 8797 5533 
2 8500 2272 
2 2271 5304 
2 3635 8698 
2 8045 6265 
2 2110 8011 
2 8110 1937 
2 7730 9736 
2 6428 574 
2 7017 507 
2 833 4845 
2 424 311 
2 1177 1226 
2 1283 6607 
2 256 6545 
2 61 7337 
2 4098 5158 
2 5262 5260 
2 4440 9357 
2 4966 7404 
2 1917 1513 
2 9457 1984 
2 2231 1501 
2 3690 1634 
2 8635 8159 
2 4980 5382 
2 9301 9498 
2 795 5377 
2 4588 4876 
2 8556 3108 
2 1006 2657 
2 7068 9686 
2 7550 6971 
2 6026 3059 
2 5783 3053 
2 682 1753 
2 5938 4297 
2 3023 428 
2 866 2298 
2 7248 81 
2 4427 1804 
2 4913 7533 
2 8494 1171 
2 3307 5023 
2 2447 1326 
2 1696 8868 
2 1622 538 
2 6293 7139 
2 9521 9007 
2 7022 7138 
2 7292 8850 
2 3268 7711 
2 5907 7030 
2 6539 9932 
2 1166 2252 
2 1789 3469 
2 3993 5008 
2 406 7367 
2 4305 9910 
2 803 903 
2 5480 6998 
2 4262 8924 
2 6551 959 
2 8441 8190 
2 7929 8473 
2 1703 9296 
2 7830 7682 
2 6075 7833 
2 5754 1762 
2 2900 2393 
2 6098 5910 
2 1932 2583 
2 6412 6617 
2 7584 2357 
2 6021 1307 
2 2310 2673 
2 6257 6237 
2 4591 1275 
2 8592 182 
2 3846 5472 
2 4770 3534 
2 8555 7453 
2 5585 3361 
2 9823 3266 
2 3205 7067 
2 7514 5632 
2 8968 5900 
2 7129 3286 
2 6859 7523 
2 5926 5693 
2 7102 603 
2 9042 9044 
2 2645 9698 
2 3154 668 
2 4893 4283 
2 658 4923 
2 6848 3705 
2 7281 4830 
2 4453 3854 
2 2138 6393 
2 5281 9548 
2 4793 4019 
2 6533 1824 
2 4048 6519 
2 4060 3963 
2 7688 6799 
2 4843 3416 
2 1191 9577 
2 5010 1149 
2 4851 6040 
2 7071 3591 
2 3611 4911 
2 7574 5640 
2 5430 9914 
2 275 2664 
2 341 3382 
2 6222 5100 
2 3169 9861 
2 9189 4236 
2 2385 1190 
2 8001 7985 
2 452 2546 
2 3994 1878 
2 1612 6454 
2 6961 2899 
2 7000 698 
2 9411 7658 
2 9311 2026 
2 2961 25 
2 9297 3810 
2 1770 6643 
2 3803 224 
2 8085 4571 
2 921 2928 
2 8541 2709 
2 9059 3523 
2 27 972 
2 8554 886 
2 9146 8334 
2 319 1302 
2 9554 238 
2 9204 9229 
2 2280 3990 
2 468 4691 
2 2153 9270 
2 3619 4009 
2 9101 3719 
2 582 659 
2 2656 2662 
2 746 3454 
2 9972 54 
2 1775 526 
2 7852 6290 
2 6923 6334 
2 6031 8231 
2 7782 6195 
2 6592 5538 
2 5809 5828 
2 6862 6119 
2 8000 6509 
2 7890 6185 
2 3696 5838 
2 6516 1777 
2 5386 6391 
2 5635 7011 
2 4209 6491 
2 8118 1873 
2 3413 6772 
2 2038 7504 
2 999 5549 
2 7261 8109 
2 1316 8034 
2 2980 4525 
2 2525 412 
2 6199 9933 
2 6850 180 
2 3156 4821 
2 9024 6283 
2 3754 1667 
2 7488 1134 
2 9720 8318 
2 9825 2758 
2 1237 4705 
2 1308 8344 
2 8098 5949 
2 5859 4034 
2 5257 3843 
2 4132 1880 
2 422 4252 
2 1725 3383 
2 9336 8508 
2 9400 5697 
2 2154 5227 
2 5014 4174 
2 3645 2010 
2 573 6792 
2 4987 6163 
2 8546 8757 
2 4556 5778 
2 1087 379 
2 4581 9150 
2 4520 7222 
2 360 7822 
2 5820 9164 
2 7921 3628 
2 5466 2431 
2 911 3546 
2 5342 5029 
2 1401 9638 
2 3788 5539 
2 5049 2858 
2 583 7882 
2 8511 9321 
2 154 5619 
2 3340 5108 
2 1915 7042 
2 6631 5406 
2 1964 9929 
2 5153 1664 
2 1290 1374 
2 4976 7183 
2 3643 7005 
3 4359 6275 4742 
3 2159 1012 9935 
3 3596 4188 8876 
3 6864 3330 8031 
3 7751 2437 6960 
3 8006 1321 8977 
3 9995 4943 4228 
3 6051 5368 1535 
3 2954 530 6576 
3 3972 7633 240 
3 9269 3004 1843 
3 3809 234 4801 
3 8919 919 456 
3 6263 3657 2033 
3 955 4858 7614 
3 2578 9198 5606 
3 3235 5082 8215 
3 9418 8089 9028 
3 9768 9716 3926 
3 430 270 7397 
3 7924 2746 431 
3 3311 1062 9519 
3 7729 9187 2661 
3 9600 4000 8454 
3 5751 97 9767 
3 1640 131 4046 
3 6097 9332 9699 
3 2949 9201 5208 
3 6008 7995 5986 
3 9446 2786 8401 
3 372 2604 2193 
3 8137 978 1750 
3 500 6698 6161 
3 6964 620 9584 
3 2762 3939 2072 
3 1939 439 7457 
3 1330 3956 9398 
3 9538 4534 7170 
3 2632 1744 7663 
3 2977 8447 7407 
3 1259 9086 1036 
3 5191 673 9431 
3 6761 9656 8180 
3 4796 6890 6565 
3 1980 6003 2694 
3 4301 136 2713 
3 885 2772 4221 
3 2102 3212 5482 
3 2514 8822 5245 
3 1475 6844 2074 
3 1519 6835 4798 
3 9944 6824 7991 
3 1796 3590 8435 
3 4942 1961 956 
3 9413 183 4104 
3 8252 3280 8383 
3 6352 6137 6121 
3 8568 2595 24 
3 2399 8037 6463 
3 8326 1649 5752 
3 1318 6887 4502 
3 3370 3344 4387 
3 1694 86 6450 
3 5666 4635 9075 
3 8859 6809 7674 
3 7895 7800 6197 
3 1279 4238 5732 
3 2207 4777 6302 
3 3793 3060 1546 
3 7881 9083 2891 
3 9855 37 5994 
3 1983 7586 7320 
3 4783 2881 4595 
3 4839 2953 457 
3 7461 7554 1538 
3 2297 3822 7724 
3 7471 9036 9009 
3 5897 7362 1755 
3 8314 6959 6963 
3 4248 4358 7812 
3 3543 458 487 
3 7410 756 8815 
3 4400 8900 602 
3 5168 3364 2608 
3 7357 4434 9047 
3 6972 3951 8353 
3 4596 2144 3141 
3 8766 6915 2903 
3 9094 7094 2210 
3 8930 4116 9564 
3 7387 5024 335 
3 6471 2149 9137 
3 4399 8093 2596 
3 6311 3052 6332 
3 9035 7206 2028 
3 801 3347 9215 
3 8486 2741 6506 
3 462 392 9578 
3 1371 1536 5066 
3 4339 2785 9114 
3 3021 6353 3875 
3 9838 2956 4069 
3 221 4504 7889 
3 2610 7850 3651 
3 1688 2892 7078 
3 40 9659 2859 
3 2837 1678 6448 
3 4994 5628 6818 
3 3789 6127 6148 
3 6925 4877 3887 
3 1161 168 802 
3 7602 6175 4736 
3 9820 6232 5233 
3 4982 725 9709 
3 2469 5181 7632 
3 1453 2059 31 
3 8663 2412 8438 
3 4291 9651 7557 
3 7959 1778 1009 
3 2307 1426 8028 
3 9394 6328 4097 
3 7859 842 5125 
3 7694 6229 840 
3 8737 739 8576 
3 9993 4688 6699 
3 5106 2683 6944 
3 2685 8543 3318 
3 502 3012 4488 
3 644 3841 343 
3 9015 4549 615 
3 9540 78 5817 
3 8022 1959 639 
3 5128 2169 402 
3 152 6725 9595 
3 325 1220 5631 
3 7960 511 2101 
3 9223 8426 1043 
3 9678 393 7395 
3 5959 8804 4567 
3 5719 613 7423 
3 229 6473 5422 
3 7742 9489 4787 
3 4689 1869 2950 
3 5558 9227 7971 
3 793 5676 68 
3 7803 8643 2388 
3 4099 4031 6746 
3 8256 848 8903 
3 8950 6034 1807 
3 5882 1165 9957 
3 34 4855 5190 
3 3743 8097 3123 
3 7631 2472 1979 
3 953 6315 6952 
3 3679 7994 3903 
3 7697 7532 726 
3 2242 7314 4826 
3 4880 3555 579 
3 1377 7430 5881 
3 1080 5731 6225 
3 20 6005 7132 
3 305 1892 252 
3 13 413 7581 
3 5850 9887 1167 
3 1270 6452 640 
3 9892 4969 3698 
3 3515 467 8629 
3 5443 4723 8571 
3 5951 4811 2215 
3 153 2164 5212 
3 1590 3396 1502 
3 3509 76 2669 
3 4298 6922 2137 
3 8398 9274 6357 
3 2002 7666 7176 
3 860 4047 6563 
3 2304 740 6189 
3 9475 477 57 
3 6095 7826 3665 
3 4267 7496 6479 
3 5863 4078 4173 
3 6674 6291 346 
3 6046 3621 193 
3 4750 2929 7713 
3 9280 4451 5950 
3 1549 2358 4554 
3 4679 395 4155 
3 2527 8212 5146 
3 5829 9524 5161 
3 2629 9337 3233 
3 7906 2432 649 
3 2019 293 3246 
3 4279 2898 7036 
3 7951 4246 1369 
3 1586 414 4922 
3 4245 2232 3581 
3 1953 8456 8821 
3 1276 3449 8206 
3 937 3146 3902 
3 3761 5346 1416 
3 6740 5026 9234 
3 949 4249 7804 
3 7252 7024 6210 
3 9830 9065 6104 
3 4662 8986 1286 
3 7565 6544 2799 
3 83 9526 9313 
3 6244 5895 2533 
3 4747 9157 2634 
3 568 2751 1194 
3 7194 4314 554 
3 2531 868 3161 
3 3838 3261 4311 
3 1650 2824 1084 
3 3482 5200 23 
3 4030 3504 7743 
3 1504 7197 3748 
3 3773 3431 6270 
3 2668 5714 9543 
3 3263 8498 1516 
3 16 1793 3806 
3 8229 9105 4328 
3 4653 7813 4856 
3 7236 9294 7653 
3 444 8675 1118 
3 2529 5387 3930 
3 6630 1532 6258 
3 4537 9333 2303 
3 8965 8440 4176 
3 2047 982 1032 
3 1514 4767 9458 
3 7963 7490 9496 
3 3332 1527 5401 
3 1250 5672 9635 
3 6664 7018 6294 
3 3174 3911 9958 
3 9810 8277 4501 
3 9488 1031 9692 
3 4398 6828 8201 
3 4623 1296 4841 
3 4892 7559 4713 
3 4914 6245 7150 
3 2442 8642 4578 
3 1201 1986 8952 
3 6612 1891 9260 
3 3316 675 6920 
3 1452 9551 1027 
3 5237 9680 6962 
3 4001 8355 3125 
3 3824 2712 9085 
3 2671 5199 9251 
3 5373 4935 8729 
3 6510 8289 8179 
3 2264 3880 1606 
3 6822 8727 3513 
3 8654 499 2143 
3 2422 1618 8067 
3 5175 6744 5980 
3 6852 5834 6430 
3 5059 9711 6494 
3 6569 6693 7622 
3 3407 7761 9022 
3 9149 4775 4144 
3 3747 5641 8177 
3 5769 365 858 
3 5043 9002 459 
3 4605 9858 4898 
3 4447 225 8981 
3 3099 8918 6093 
3 4164 5400 8593 
3 4095 2328 4407 
3 6604 7957 8235 
3 30 7828 7237 
3 8808 3147 8897 
3 7418 3570 4562 
3 9655 5097 1058 
3 115 1806 7849 
3 9272 9611 1898 
3 8567 2402 6118 
3 6846 6600 185 
3 9624 1951 123 
3 9181 7600 3547 
3 2335 9985 6727 
3 6130 8382 1110 
3 3274 6323 9073 
3 1132 8978 5831 
3 7721 3355 5471 
3 5098 6398 7190 
3 6590 2235 1865 
3 4482 6002 4558 
3 1978 8472 1669 
3 576 2570 8388 
3 2946 4156 8806 
3 7048 6766 6126 
3 8108 94 8756 
3 6851 2046 5077 
3 5442 8393 6993 
3 9927 6472 4694 
3 7868 7085 6899 
3 2220 7273 2205 
3 9771 8753 4840 
3 8340 7616 7127 
3 1639 6078 4325 
3 2466 7315 6669 
3 4197 6090 4546 
3 7665 7247 5505 
3 2240 7899 1835 
3 2333 7634 5812 
3 5019 1288 9613 
3 7693 5944 896 
3 8372 3615 7329 
3 1754 9859 3587 
3 8572 9745 6711 
3 5041 3078 6304 
3 9338 2582 8640 
3 2591 6524 3883 
3 473 4489 4804 
3 8734 8129 2216 
3 7805 6223 7460 
3 2294 516 2105 
3 899 1848 2911 
3 3506 5323 6774 
3 1774 4564 1271 
3 160 7815 6671 
3 1266 5460 1137 
3 1313 9003 5613 
3 2234 7275 2730 
3 2549 6697 5621 
3 1192 5800 3324 
3 3884 3265 6560 
3 22 101 9877 
3 5189 143 9603 
3 1849 9013 1212 
3 3878 9948 6356 
3 5702 8573 419 
3 6990 5140 6803 
3 4172 3439 8996 
3 3664 4308 3281 
3 6739 3038 8994 
3 5276 8021 2754 
3 7121 9134 2136 
3 2199 4312 5134 
3 7491 3933 5268 
3 2237 1653 3402 
3 1086 4746 7686 
3 7123 5171 6064 
3 2390 906 2781 
3 1699 9029 6063 
3 2453 7931 558 
3 417 9744 3578 
3 753 6581 2793 
3 9261 8773 9844 
3 5397 4255 9194 
3 3097 4217 2016 
3 3849 9679 5523 
3 4394 8716 1170 
3 6023 550 6595 
3 796 8084 5903 
3 6414 4136 8411 
3 2417 9230 3873 
3 5426 6035 1488 
3 7510 4196 1656 
3 5234 1480 4599 
3 3782 5598 2289 
3 1127 381 4918 
3 2268 6636 1461 
3 6831 2852 7117 
3 9008 4818 4630 
3 6132 7400 6261 
3 828 8049 8166 
3 2775 3491 7233 
3 159 1093 8316 
3 1172 1624 4678 
3 219 2406 2444 
3 3888 2621 3131 
3 9759 5253 3817 
3 9901 7786 8793 
3 8759 8464 3381 
3 4613 2951 6096 
3 6520 8789 472 
3 5246 1814 3442 
3 1783 6432 2731 
3 6227 893 1665 
3 279 5736 4094 
3 8618 6517 1867 
3 4910 1404 2068 
3 1985 8633 3965 
3 6529 5770 1627 
3 6953 217 3783 
3 133 7903 3262 
3 6373 7788 845 
3 2334 7684 7309 
3 8539 3334 8165 
3 8987 3300 2065 
3 2750 7501 9502 
3 4932 5972 9534 
3 218 1836 3401 
3 5313 3584 5966 
3 5577 4487 2281 
3 5398 610 7969 
3 7925 5391 1781 
3 9575 6180 4193 
3 9535 1801 2554 
3 4479 4088 5917 
3 3721 5586 9200 
3 3312 3744 2987 
3 1221 1208 5064 
3 2711 7898 669 
3 5132 7388 4894 
3 3862 8665 6417 
3 7110 651 3927 
3 5104 1899 7980 
3 6586 1184 3539 
3 7675 9660 1904 
3 401 6812 5370 
3 7371 1646 2722 
3 990 2376 2947 
3 3445 3929 7695 
3 9846 2184 934 
3 1716 2464 9754 
3 8694 7289 4981 
3 5599 3411 89 
3 5594 2326 9770 
3 9941 3085 3076 
3 3947 1292 7502 
3 5481 1638 3216 
3 4544 3124 545 
3 4538 9882 2087 
3 7672 7065 5345 
3 4529 4428 144 
3 8638 2560 8934 
3 292 2173 3807 
3 8525 249 7664 
3 9156 3424 1935 
3 827 7043 163 
3 9356 3017 7902 
3 1928 1683 4669 
3 6770 757 1130 
3 5511 8015 3521 
3 771 1299 977 
3 7907 6405 8584 
3 9209 8842 4628 
3 6259 7744 6958 
3 8268 3115 2835 
3 4163 6973 894 
3 6497 1120 6307 
3 9670 4833 7608 
3 7177 2050 2480 
3 9089 1870 8732 
3 1138 9140 3580 
3 6805 2463 930 
3 304 1469 5122 
3 2057 2022 7096 
3 2990 207 6068 
3 6409 2567 4882 
3 9785 691 3353 
3 4842 4553 8709 
3 5804 5429 199 
3 4646 3610 6331 
3 316 7553 8853 
3 4149 618 241 
3 7962 3313 643 
3 9860 7223 7134 
3 2011 1209 8776 
3 7014 9179 1331 
3 3941 157 7274 
3 8273 8068 7216 
3 288 6897 8502 
3 7544 865 7642 
3 728 5514 7163 
3 6425 3541 4337 
3 2179 9225 7298 
3 3186 9152 6904 
3 7878 8886 4948 
3 3178 9491 8298 
3 7640 5192 6301 
3 5725 3893 356 
3 2564 287 4392 
3 6541 7795 1841 
3 8409 2805 5329 
3 2227 4226 7546 
3 8870 9406 616 
3 5578 6513 7019 
3 4789 5663 9863 
3 9367 3753 7229 
3 108 9100 1971 
3 4355 9647 6213 
3 2288 1574 2418 
3 1277 3006 9710 
3 1958 5182 862 
3 6387 4714 4143 
3 5060 5718 1652 
3 8534 819 8645 
3 4468 5254 5848 
3 5550 1227 1809 
3 5206 9172 6814 
3 7948 9232 9329 
3 5534 3798 9870 
3 2163 784 4634 
3 4598 9617 4508 
3 9885 2841 3425 
3 5741 6796 2239 
3 8141 3438 5825 
3 3536 1495 6629 
3 7087 5952 5424 
3 2563 8740 2577 
3 425 867 5658 
3 186 733 5612 
3 8941 9553 5573 
3 8310 1700 1563 
3 6087 3209 9590 
3 6620 4693 3712 
3 2689 347 5958 
3 348 1479 5771 
3 7091 5510 3812 
3 800 5611 1376 
3 1661 3208 6484 
3 9582 9423 2435 
3 9570 226 769 
3 7556 378 8564 
3 1615 2318 2344 
3 9158 4791 4403 
3 2201 3917 7441 
3 7349 8771 9876 
3 9555 128 8103 
3 6125 9346 1099 
3 4290 383 2152 
3 7434 7799 7333 
3 4986 9862 4518 
3 1403 4726 7365 
3 6253 1685 4906 
3 189 9314 8321 
3 8309 6748 7140 
3 789 719 5183 
3 8064 7758 5294 
3 7946 9819 3213 
3 2012 1196 5316 
3 4709 1131 6701 
3 1494 6692 633 
4 5357 5121 8148 6404 
4 421 5913 2589 6255 
4 5583 8785 6584 3629 
4 9906 3987 7710 5231 
4 1737 7529 4386 2094 
4 9487 5796 1756 2584 
4 6735 8197 8754 998 
4 2395 2861 6312 59 
4 6655 7923 8873 7569 
4 7704 7444 6632 5515 
4 9612 7262 8452 7796 
4 2489 398 8407 5905 
4 820 604 1248 9213 
4 1729 9004 6459 8603 
4 7549 7064 9529 5886 
4 4848 8733 8189 6839 
4 9354 8437 1524 4233 
4 4449 5744 4100 1287 
4 4318 4574 8479 6476 
4 9483 6823 5416 9620 
4 3904 3626 2545 9383 
4 7108 5427 2061 4004 
4 3697 973 7792 9131 
4 1396 4041 2155 847 
4 370 9247 9618 5363 
4 3015 4644 4863 44 
4 6668 7168 4631 2687 
4 3135 2222 2843 8284 
4 1492 2752 453 3505 
4 5570 1561 9765 2117 
4 7100 8004 8287 674 
4 8775 4036 8854 9813 
4 461 1423 3273 7936 
4 3295 6640 2932 5616 
4 1385 8591 6639 666 
4 3715 5918 2345 2935 
4 2096 3420 5251 4695 
4 1556 5090 2331 2598 
4 3825 1114 6196 8384 
4 6762 4147 8689 1677 
4 9959 5592 5001 864 
4 6756 1081 1388 8119 
4 9818 5989 948 2246 
4 7525 4106 6613 3942 
4 683 9888 5526 8911 
4 8320 5083 3149 8240 
4 4194 5052 936 7819 
4 4473 3484 7369 7863 
4 5211 8585 132 2819 
4 9128 2968 7577 7515 
4 2459 4670 8777 8814 
4 962 7290 8991 2723 
4 876 7939 7950 5791 
4 7368 110 8641 752 
4 8837 2196 9256 3656 
4 3457 2728 8636 4808 
4 8392 7208 2212 371 
4 3176 684 7101 9267 
4 281 63 2064 2499 
4 6240 5602 7259 2548 
4 9614 714 1491 4916 
4 2475 1013 5651 9894 
4 4090 9019 1101 1071 
4 7834 4405 3765 3024 
4 3678 7945 6170 839 
4 5048 7198 5945 7937 
4 4961 1115 6677 3302 
4 9965 2124 3272 4685 
4 1004 1233 9986 3795 
4 4579 8152 1707 4430 
4 5042 3647 7135 2558 
4 7104 2070 7201 7540 
4 9295 2141 6782 2080 
4 384 7927 854 5773 
4 1734 5101 4702 7961 
4 2008 4788 1164 2115 
4 6495 5214 6381 9568 
4 8058 336 2922 8063 
4 1214 7896 5653 4886 
4 4957 1341 7313 976 
4 5046 8639 443 8612 
4 4917 1146 1830 3463 
4 7409 6176 7825 5982 
4 3499 7202 4983 5295 
4 49 6702 6107 7757 
4 9307 82 818 7136 
4 4964 4509 3792 3047 
4 5772 3096 4135 3896 
4 7595 3607 9305 4240 
4 3940 6252 5713 7516 
4 4874 636 6168 887 
4 2727 2964 1353 71 
4 2274 8485 2228 8608 
4 8338 3228 1851 8322 
4 3566 1210 3293 4925 
4 3309 9433 8745 5310 
4 4322 6550 4406 7305 
4 7543 1203 9129 1955 
4 1988 9866 6935 1671 
4 7551 5625 4940 4141 
4 9795 7326 5383 1450 
4 7145 1812 9527 7 
4 4185 4131 8116 5219 
4 3437 3114 594 1322 
4 47 7579 8465 8851 
4 2456 7231 9552 1713 
4 4167 7359 5873 1094 
4 2259 1742 4235 2481 
4 4637 532 9539 5652 
4 3042 1934 766 3686 
4 9 9690 5006 4074 
4 3142 7583 4655 4561 
4 2686 8803 4847 4657 
4 5494 9525 6129 2759 
4 7715 8553 3844 1050 
4 2962 3072 7088 4374 
4 9263 7083 7447 3357 
4 727 1895 62 4475 
4 723 4102 9235 9917 
4 6957 4112 9532 8332 
4 8387 7196 1946 7032 
4 8250 8736 1591 3196 
4 2982 2736 2293 954 
4 3519 9196 3337 7725 
4 8375 859 7308 2726 
4 213 6882 7648 6178 
4 4320 8010 5163 2060 
4 9946 4076 9063 1418 
4 2045 4619 6611 2652 
4 6547 5777 8193 8767 
4 1724 5904 1568 1433 
4 2342 9106 4912 4995 
4 850 992 4638 2340 
4 3689 2749 2544 9966 
4 4402 3155 2642 4490 
4 9119 8644 586 2828 
4 5172 3672 3170 5686 
4 9747 2085 9576 1621 
4 6558 3648 3757 8478 
4 3775 120 8601 2628 
4 5729 7851 6534 5931 
4 201 3542 6038 9344 
4 8626 6571 8397 3781 
4 7451 4139 6567 3257 
4 6913 7643 774 7464 
4 7494 4550 5156 328 
4 7148 403 8138 7814 
4 7545 3889 3593 8997 
4 2323 7862 1763 9275 
4 9542 4150 2308 2870 
4 8186 2795 58 6134 
4 9302 18 4244 2862 
4 676 4058 3112 2213 
4 6537 3475 6927 7316 
4 3376 1383 8865 8242 
4 9713 7079 9151 8267 
4 2300 4959 8233 2814 
4 6467 9528 8187 5081 
4 9559 2036 3708 11 
4 4390 5366 3840 8115 
4 9900 4044 446 7445 
4 3869 7673 8506 6171 
4 3451 8616 6147 1049 
4 8259 8849 7166 1839 
4 4480 778 8079 2305 
4 1711 2123 7703 3583 
4 5609 5845 9243 1160 
4 3842 9873 7944 1552 
4 9320 1936 2313 9605 
4 2267 5096 2160 2243 
4 8094 5540 3126 373 
4 3526 8430 9374 9921 
4 4837 245 8509 5136 
4 654 9514 8101 8167 
4 1136 1509 4284 6123 
4 2023 6359 6777 7267 
4 6050 333 8286 3950 
4 3913 5359 2535 6580 
4 5324 7385 2944 7953 
4 2985 6842 4498 7008 
4 7726 2920 8367 2282 
4 687 6300 5209 7522 
4 8036 7466 4551 1231 
4 5854 1767 3745 1845 
4 4902 3106 9289 6989 
4 706 2817 3253 5665 
4 9784 3899 6060 6481 
4 3632 2203 177 9283 
4 3618 8348 2674 4690 
4 1427 9340 9722 6638 
4 65 9942 5600 8026 
4 7922 7026 9856 8697 
4 6985 463 8563 593 
4 8701 7756 4151 4965 
4 2718 7700 7050 3229 
4 9732 2994 1817 8047 
4 5622 780 1359 7212 
4 3002 7920 9649 2941 
4 5919 9111 9691 1085 
4 3083 6582 8346 1096 
4 2572 4516 6316 1996 
4 8721 6313 67 745 
4 1357 8253 5891 1372 
4 8834 7209 565 8839 
4 2619 6477 9443 522 
4 9252 717 3368 251 
4 6329 9778 4582 6602 
4 2364 103 9366 9779 
4 4951 9751 3356 2351 
4 2571 2009 4352 2112 
4 4137 5962 7671 5909 
4 1336 1861 3485 3443 
4 2802 4351 6363 171 
4 8477 4477 257 1510 
4 709 8811 2905 9325 
4 6426 7629 5793 9154 
4 2647 9365 8199 1202 
4 6994 8614 214 9806 
4 9123 645 3089 9585 
4 7119 7330 2536 7489 
4 1340 4259 7981 8751 
4 6 1787 5492 4867 
4 9124 2095 8947 9629 
4 1976 3496 3379 7911 
4 332 5593 4884 8003 
4 6415 1344 4357 60 
4 2162 3214 1740 9930 
4 4293 5239 5544 1701 
4 4134 9546 6297 9363 
4 3308 8163 9968 4557 
4 3062 877 7057 7613 
4 8923 2957 1001 188 
4 6666 9974 4727 4696 
4 1820 1717 5149 5244 
4 8501 4222 5518 9511 
4 8200 750 8779 1883 
4 5330 8529 5236 4977 
4 6914 5332 7934 1505 
4 8835 8651 7391 1975 
4 5733 1351 296 6342 
4 6956 6188 1747 8990 
4 4711 1249 8040 9545 
4 5991 321 8658 1800 
4 1564 3750 924 3730 
4 2776 7153 7210 2043 
4 1364 9166 8168 5529 
4 2575 7439 4717 8579 
4 7677 7415 8431 9962 
4 4331 1965 3120 9341 
4 7344 7699 2245 1743 
4 5758 791 3473 8607 
4 5970 4572 8056 7972 
4 9419 1522 9426 2265 
4 7647 5683 2509 264 
4 8915 6616 5720 301 
4 9550 4161 2809 5028 
4 4415 1061 3579 5728 
4 8449 9271 6273 902 
4 5808 2573 6042 1714 
4 5131 9397 5488 7250 
4 6738 6419 3087 5835 
4 96 6627 3655 5155 
4 767 7824 55 8548 
4 8418 1673 5074 7524 
4 9569 3845 8470 4600 
4 8866 9797 8659 197 
4 1523 3306 385 631 
4 3830 6742 6377 2089 
4 1200 9626 6144 1948 
4 2952 3223 1636 8702 
4 9853 7567 1508 6410 
4 1889 8625 3834 4870 
4 797 407 9572 3870 
4 9566 6336 8487 6226 
4 1178 3137 2055 1912 
4 773 8183 5553 7748 
4 6309 8132 1476 4079 
4 3167 9048 4960 9250 
4 3978 4043 9718 6058 
4 4367 3271 3557 7155 
4 7436 3673 1810 8940 
4 6192 4861 1998 5308 
4 3905 3791 7253 5610 
4 5864 1228 7302 2912 
4 5375 2612 730 4200 
4 4649 278 6384 4532 
4 4524 9952 6769 8671 
4 2486 9689 9265 9843 
4 875 3001 3857 6028 
4 283 9746 6198 1483 
4 8707 3944 2000 9755 
4 2353 8172 1853 7103 
4 6747 5170 5476 8442 
4 1429 8677 6662 3885 
4 9871 9078 7443 7118 
4 3 8297 915 6110 
4 6010 3367 7880 3997 
4 85 4706 6483 7412 
4 9507 6146 5207 1720 
4 8204 6578 432 1140 
4 4179 4527 7095 8453 
4 884 3278 7319 1040 
4 836 263 8670 8683 
4 1587 5203 2927 3518 
4 4607 4469 7603 995 
4 6012 3028 4474 4883 
4 6981 5803 3022 9908 
4 513 634 6498 7617 
4 9695 7296 5849 3362 
4 3728 8964 6320 1708 
4 7696 1821 1378 1681 
4 7978 3037 1253 559 
4 1224 8929 1542 1037 
4 7618 7861 8722 8895 
4 6757 6444 2877 8692 
4 3508 464 4307 1684 
4 2585 8932 3877 3248 
4 4617 4565 3736 2627 
4 6370 3561 1526 5174 
4 1073 9359 4871 4292 
4 5197 9599 8750 7536 
4 9464 7759 1152 137 
4 5785 2939 7870 2798 
4 3375 4038 8328 1117 
4 4786 1923 1484 3511 
4 1116 5902 8874 520 
4 8524 4439 1571 5462 
4 2937 6367 7178 3055 
4 1154 6220 6231 8637 
4 2488 4521 5278 5941 
4 3892 3853 6938 2600 
4 4361 8956 2592 8466 
4 9880 6296 4975 3544 
4 7678 1833 916 6605 
4 7823 9197 9425 1712 
4 5823 9769 6577 172 
4 6656 1261 8516 9961 
4 3107 1361 760 8714 
4 5547 9907 7041 5341 
4 5839 7463 3769 1726 
4 9849 4946 17 6856 
4 6965 5441 5548 688 
4 56 2185 7255 9350 
4 4668 174 5705 5446 
4 2566 10 7130 1570 
4 970 5998 3516 9014 
4 8527 2368 6715 556 
4 9984 5378 2106 6266 
4 529 7238 5250 525 
4 6389 1430 923 8931 
4 5503 1234 145 297 
4 846 7215 5271 5151 
4 4604 1122 738 1648 
4 3050 7740 208 4093 
4 7363 2716 5563 3134 
4 9092 8363 8673 1963 
4 4663 4731 6752 7149 
4 3969 9741 1601 9895 
4 451 912 7778 844 
4 1765 3746 2165 2007 
4 9168 5118 5579 7218 
4 6583 3540 5649 6364 
4 7624 1197 2766 8044 
4 1487 6526 2804 926 
4 5325 6205 139 1827 
4 6540 6133 7558 2295 
4 9597 9161 9121 7518 
4 3104 4491 9450 8081 
4 2407 9182 8239 87 
4 164 2221 7152 8161 
4 8833 4230 5013 2127 
4 9214 4990 8059 6396 
4 2649 5627 7692 3691 
4 3258 5017 480 289 
4 117 4627 5007 6451 
4 1589 211 7499 2309 
4 5948 628 3674 6680 
4 2484 8824 5899 8305 
4 7839 9390 8617 642 
4 8650 5574 7318 9719 
4 9246 9594 6623 9135 
4 6052 6149 5875 6102 
4 5056 8198 3608 597 
4 4126 9490 28 2836 
4 2879 7204 2848 2555 
4 7346 8293 8247 8653 
4 7983 3276 7151 9776 
4 1010 6721 1847 3932 
4 3029 2590 656 6215 
4 1825 9588 4859 7278 
4 1015 6036 3973 2811 
4 6157 1866 2125 8606 
4 8609 7752 9286 1943 
4 5879 6645 7375 1856 
4 3828 5513 931 5487 
4 9471 178 7954 3677 
4 4555 2872 4650 2226 
4 9580 9414 6193 4671 
4 900 1735 3692 6256 
4 1876 3480 3239 4573 
4 6731 2516 5824 206 
4 1620 590 5981 1632 
4 1464 8652 3092 6206 
4 1159 2697 5061 307 
4 9852 5815 9382 6152 
4 2538 4170 8578 9499 
4 6350 8134 3527 6228 
4 6685 1056 3132 9276 
4 1311 4522 4496 3891 
4 6703 7888 1393 8434 
4 3808 8258 1205 2190 
4 1819 8537 6531 4933 
4 6111 7764 2732 1874 
4 834 4792 9637 2705 
4 5058 1260 8967 7875 
4 2999 8468 1718 9714 
4 1129 6053 53 6984 
4 5559 3895 124 290 
4 1994 7475 9241 6741 
4 151 9238 1877 1888 
4 4054 6443 3980 4725 
4 5094 1642 8342 5371 
4 8684 7105 4865 3573 
4 9407 142 9675 7413 
4 589 236 7610 3297 
4 7734 9326 9799 4611 
4 1562 7777 1884 2428 
4 4997 4857 4055 9602 
4 7542 4661 8035 1704 
4 2091 4814 4692 7512 
4 9748 7884 9376 2490 
4 6306 7361 4636 7993 
4 9165 5710 4442 6932 
4 5418 8907 1837 7406 
4 9730 253 6628 5644 
4 9864 4091 7286 4703 
4 7219 4774 4592 5235 
4 6676 6651 6849 9922 
4 9530 8032 2765 2241 
4 9761 648 4926 7090 
4 2020 3924 4066 3839 
4 4875 4989 9896 7594 
4 6155 1445 6557 5794 
4 7659 3912 4363 4716 
4 540 1282 1440 2254 
4 5044 362 4187 9976 
4 2854 735 4904 4381 
4 3558 5517 898 2400 
4 7841 3802 7526 6827 
4 8123 2565 8423 9523 
4 5035 3945 3654 4656 
4 4506 8176 6733 6326 
4 7662 2887 9016 7074 
4 1595 5020 1598 4064 
4 5671 8241 3531 1467 
4 3553 2461 5916 5474 
4 6365 1023 9650 7003 
4 4771 4089 4410 534 
4 6366 6976 3567 358 
4 7733 2006 2457 8333 
4 6380 6794 7037 1332 
4 7382 5530 9453 1339 
4 2806 3498 3422 2783 
4 2081 4559 6289 7374 
4 5389 1723 404 9456 
4 1406 6673 8597 1471 
4 4773 5355 6436 6076 
4 7432 6988 2375 3906 
4 4412 9220 7356 1533 
4 5205 7683 2320 960 
4 9368 5898 9988 210 
4 9848 7914 6800 9468 
4 3760 147 4879 33 
4 8861 8019 2907 1422 
4 5336 8432 5178 1584 
4 6361 6857 4495 4639 
4 689 4720 2389 6778 
4 489 5489 622 7943 
4 4375 6514 9879 6528 
4 1609 8938 8894 9192 
4 3718 909 5551 7821 
4 146 8889 8715 3145 
4 8376 6490 9361 3704 
4 4478 7534 4766 2462 
4 3323 5457 5086 6784 
4 8153 7768 4011 5633 
4 8648 7785 7419 8043 
4 7818 8898 2401 2381 
4 9043 7249 7230 737 
4 7426 9726 3582 2874 
4 7310 1021 4452 9072 
4 9684 5869 9561 8150 
4 3244 5856 9703 6585 
4 2398 8845 396 3559 
4 3617 3595 3882 3983 
4 7530 6340 7175 8299 
4 7592 6016 3299 2260 
4 3914 2129 6208 5467 
4 8823 1529 1930 835 
4 4026 4057 3966 5920 
4 4953 150 7917 6870 
4 3352 9631 9971 5461 
4 1512 3153 39 7770 
4 1922 8954 7990 8325 
4 5776 635 9122 5085 
4 5901 5380 7454 3371 
4 8425 6202 5255 198 
4 5865 9143 6466 8746 
4 1952 7013 804 5556 
4 9222 4467 9429 8712 
4 8679 6834 4823 7010 
4 1090 2191 359 4202 
4 7116 3985 9606 5832 
4 4907 5724 32 947 
4 3749 5522 9802 4640 
4 1886 6649 7956 3188 
4 3075 9549 5531 7596 
4 9667 3339 3428 1507 
4 9062 512 3136 9221 
4 8682 8238 7966 6184 
4 3564 5615 2167 7480 
4 1822 4124 711 2134 
4 9183 9828 170 8276 
4 4704 9734 1347 2277 
4 9091 3129 4016 6700 
4 7689 5908 6873 678 
4 6724 149 7221 1256 
4 8519 9868 7809 6811 
4 5896 4887 2924 0 
4 3811 7220 6421 1100 
4 45 1761 2148 6705 
4 3011 4208 6574 2343 
4 7186 7731 3641 300 
4 2707 6243 5451 5164 
4 3322 9173 8632 9096 
4 5756 7970 8196 8908 
4 7876 6160 8263 9573 
4 3991 4514 6203 6659 
4 6264 7964 2198 849 
4 1382 5566 2024 6446 
4 313 5939 2983 3121 
4 5584 4465 2467 2672 
4 5047 6637 8562 9978 
4 3694 8264 6681 4659 
4 9459 7984 5954 8517 
4 6248 3724 1174 6903 
4 3020 471 1908 1047 
4 611 2495 5166 6553 
4 2278 4335 9987 9752 
4 4708 8027 9891 9299 
4 8752 7975 1157 1199 
4 4949 1044 8711 5657 
4 5277 9583 9068 2875 
4 6726 6942 7386 2367 
4 6596 6015 6522 5040 
4 7424 8133 9996 5860 
4 6648 4215 5240 7425 
4 4992 3681 9210 7727 
4 5947 8801 7384 1179 
4 9328 5449 1593 433 
4 4340 1569 1411 3412 
4 1181 3203 562 3127 
4 3818 708 5721 5763 
4 9633 9038 5362 2337 
4 6112 4511 7509 9721 
4 1106 3226 4790 7521 
4 6017 541 8210 5173 
4 8222 2062 8143 3031 
4 6719 9836 3517 2506 
4 6022 4286 1668 514 
4 5836 3563 8413 4958 
4 1381 4456 2702 6478 
4 5813 3894 5536 355 
4 1840 7500 4419 2025 
4 1616 8160 6246 8864 
4 825 6351 5157 6492 
4 4052 8863 2296 8202 
4 8696 4206 2601 2120 
4 8667 8336 7877 968 
4 8828 5496 204 1409 
4 7555 9486 3105 608 
4 8139 1751 465 5198 
4 1768 5730 2329 6280 
4 6713 5872 9920 4092 
4 8810 889 1400 70 
